<?xml version="1.0" encoding="UTF-8"?>
<!-- Generated by org.testng.reporters.JUnitXMLReporter -->
<testsuite hostname="Amit-Mahale" ignored="3" name="Test" tests="10" failures="1" timestamp="2021-03-25T22:55:53 EDT" time="57.709" errors="0">
  <testcase name="validLogin" time="3.681" classname="testcases.SmokeTest"/>
  <testcase name="verifyTitleTest" time="0.015" classname="testcases.TestLoginPage"/>
  <testcase name="verifySocialLinksTest" time="0.25" classname="testcases.TestLoginPage"/>
  <testcase name="loginTest" time="2.925" classname="testcases.TestLoginPage"/>
  <testcase name="logoutTest" time="1.549" classname="testcases.TestLoginPage"/>
  <testcase name="verifyLogoutTest" time="0.016" classname="testcases.TestLoginPage"/>
  <testcase name="createUser" time="25.078" classname="testcases.TestUserPage">
    <failure type="org.openqa.selenium.TimeoutException" message="Expected condition failed: waiting for element to be clickable: By.xpath: //*[contains(text(),&amp;apos;Successfully Saved&amp;apos;)] (tried for 15 second(s) with 500 milliseconds interval)
Build info: version: &amp;apos;3.141.59&amp;apos;, revision: &amp;apos;e82be7d358&amp;apos;, time: &amp;apos;2018-11-14T08:17:03&amp;apos;
System info: host: &amp;apos;AMIT-MAHALE&amp;apos;, ip: &amp;apos;192.168.29.253&amp;apos;, os.name: &amp;apos;Windows 10&amp;apos;, os.arch: &amp;apos;amd64&amp;apos;, os.version: &amp;apos;10.0&amp;apos;, java.version: &amp;apos;1.8.0_271&amp;apos;
Driver info: org.openqa.selenium.chrome.ChromeDriver
Capabilities {acceptInsecureCerts: false, browserName: chrome, browserVersion: 89.0.4389.90, chrome: {chromedriverVersion: 89.0.4389.23 (61b08ee2c5002..., userDataDir: C:\Users\amit1\AppData\Loca...}, goog:chromeOptions: {debuggerAddress: localhost:60956}, javascriptEnabled: true, networkConnectionEnabled: false, pageLoadStrategy: normal, platform: WINDOWS, platformName: WINDOWS, proxy: Proxy(), setWindowRect: true, strictFileInteractability: false, timeouts: {implicit: 0, pageLoad: 300000, script: 30000}, unhandledPromptBehavior: dismiss and notify, webauthn:extension:largeBlob: true, webauthn:virtualAuthenticators: true}
Session ID: b92368e23e215155694216b9c71b2ba9">
      <![CDATA[org.openqa.selenium.TimeoutException: Expected condition failed: waiting for element to be clickable: By.xpath: //*[contains(text(),'Successfully Saved')] (tried for 15 second(s) with 500 milliseconds interval)
Build info: version: '3.141.59', revision: 'e82be7d358', time: '2018-11-14T08:17:03'
System info: host: 'AMIT-MAHALE', ip: '192.168.29.253', os.name: 'Windows 10', os.arch: 'amd64', os.version: '10.0', java.version: '1.8.0_271'
Driver info: org.openqa.selenium.chrome.ChromeDriver
Capabilities {acceptInsecureCerts: false, browserName: chrome, browserVersion: 89.0.4389.90, chrome: {chromedriverVersion: 89.0.4389.23 (61b08ee2c5002..., userDataDir: C:\Users\amit1\AppData\Loca...}, goog:chromeOptions: {debuggerAddress: localhost:60956}, javascriptEnabled: true, networkConnectionEnabled: false, pageLoadStrategy: normal, platform: WINDOWS, platformName: WINDOWS, proxy: Proxy(), setWindowRect: true, strictFileInteractability: false, timeouts: {implicit: 0, pageLoad: 300000, script: 30000}, unhandledPromptBehavior: dismiss and notify, webauthn:extension:largeBlob: true, webauthn:virtualAuthenticators: true}
Session ID: b92368e23e215155694216b9c71b2ba9
at org.openqa.selenium.support.ui.WebDriverWait.timeoutException(WebDriverWait.java:95)
at org.openqa.selenium.support.ui.FluentWait.until(FluentWait.java:272)
at utilities.Helper.verifyPartialMessages(Helper.java:299)
at pages.UserPage.addUser(UserPage.java:38)
at testcases.TestUserPage.createUser(TestUserPage.java:29)
at java.util.ArrayList.forEach(ArrayList.java:1259)
... Removed 27 stack frames]]>
    </failure>
  </testcase> <!-- createUser -->
  <testcase name="verifyAfterLoginTest" time="3.002" classname="testcases.TestAdminPage"/>
  <testcase name="clickOnAdminLinkTest" time="2.419" classname="testcases.TestAdminPage"/>
  <testcase name="verifyLogoutTest" time="0.011" classname="testcases.TestAdminPage"/>
  <testcase name="@BeforeSuite setupReport" time="0.0" classname="pages.BaseClass">
    <ignored/>
  </testcase> <!-- @BeforeSuite setupReport -->
  <testcase name="@BeforeSuite setupReport" time="0.0" classname="pages.BaseClass">
    <ignored/>
  </testcase> <!-- @BeforeSuite setupReport -->
  <testcase name="@BeforeSuite setupReport" time="0.0" classname="pages.BaseClass">
    <ignored/>
  </testcase> <!-- @BeforeSuite setupReport -->
</testsuite> <!-- Test -->
